<?xml version="1.0" encoding="UTF-8"?>
<testsuite xmlns:xsi="http://www.w3.org/2001/XMLSchema-instance" xsi:noNamespaceSchemaLocation="https://maven.apache.org/surefire/maven-surefire-plugin/xsd/surefire-test-report-3.0.xsd" version="3.0" name="com.example.userservice.contract.UserServicePactVerificationTest" time="2.024" tests="2" errors="0" skipped="0" failures="0">
  <properties>
[...]
</properties>
  <testcase name="verifyPact(PactVerificationContext)[1]" classname="com.example.userservice.contract.UserServicePactVerificationTest" time="0.49">
    <system-out><![CDATA[15:42:10.409 [main] INFO org.springframework.test.context.support.AnnotationConfigContextLoaderUtils -- Could not detect default configuration classes for test class [com.example.userservice.contract.UserServicePactVerificationTest]: UserServicePactVerificationTest does not declare any static, non-private, non-final, nested classes annotated with @Configuration.
15:42:10.488 [main] INFO org.springframework.boot.test.context.SpringBootTestContextBootstrapper -- Found @SpringBootConfiguration com.example.userservice.UserServiceApplication for test class com.example.userservice.contract.UserServicePactVerificationTest

  .   ____          _            __ _ _
 /\\ / ___'_ __ _ _(_)_ __  __ _ \ \ \ \
( ( )\___ | '_ | '_| | '_ \/ _` | \ \ \ \
 \\/  ___)| |_)| | | | | || (_| |  ) ) ) )
  '  |____| .__|_| |_|_| |_\__, | / / / /
 =========|_|==============|___/=/_/_/_/
 :: Spring Boot ::                (v3.2.4)

2026-03-31T15:42:11.214+07:00  INFO 91170 --- [           main] c.e.u.c.UserServicePactVerificationTest  : Starting UserServicePactVerificationTest using Java 25.0.2 with PID 91170 (started by kriangkrai.wachirarattanakornkul in /Users/kriangkrai.wachirarattanakornkul/ais/workspaces/pact-poc/user-service)
2026-03-31T15:42:11.215+07:00  INFO 91170 --- [           main] c.e.u.c.UserServicePactVerificationTest  : No active profile set, falling back to 1 default profile: "default"
2026-03-31T15:42:11.761+07:00  INFO 91170 --- [           main] o.s.b.t.m.w.SpringBootMockServletContext : Initializing Spring TestDispatcherServlet ''
2026-03-31T15:42:11.761+07:00  INFO 91170 --- [           main] o.s.t.web.servlet.TestDispatcherServlet  : Initializing Servlet ''
2026-03-31T15:42:11.762+07:00  INFO 91170 --- [           main] o.s.t.web.servlet.TestDispatcherServlet  : Completed initialization in 1 ms
2026-03-31T15:42:11.812+07:00  INFO 91170 --- [           main] c.e.u.c.UserServicePactVerificationTest  : Started UserServicePactVerificationTest in 0.733 seconds (process running for 1.89)
2026-03-31T15:42:12.176+07:00  INFO 91170 --- [           main] rificationStateChangeExtension$Companion : Invoking state change method 'User with ID 1 exists':SETUP

Verifying a pact between &amp#27;[1mOrderService (1.0.1) and UserService&amp#27;[22m

  Notices:
    1) The pact at http://localhost:9292/pacts/provider/UserService/consumer/OrderService/pact-version/98ea74360b1cda642e300e5da3f40a6dac9e2ae7 is being verified because the pact content belongs to the consumer version matching the following criterion:
    * latest version of OrderService from the main branch 'main' (1.0.1)

  [from Pact Broker http://localhost:9292/pacts/provider/UserService/consumer/OrderService/pact-version/98ea74360b1cda642e300e5da3f40a6dac9e2ae7/metadata/cyU1QiU1RCU1QmN2JTVEPTEx]
  Given &amp#27;[1mUser with ID 1 exists&amp#27;[22m
  a request for User 1 details
2026-03-31T15:42:12.250+07:00  WARN 91170 --- [       Thread-3] au.com.dius.pact.core.support.Metrics    : 
            Please note: we are tracking events anonymously to gather important usage statistics like JVM version
            and operating system. To disable tracking, set the 'pact_do_not_track' system property or environment
            variable to 'true'.
            
    returns a response which
      has status code &amp#27;[1m200&amp#27;[22m (&amp#27;[32mOK&amp#27;[39m)
      has a matching body (&amp#27;[32mOK&amp#27;[39m)
2026-03-31T15:42:12.301+07:00  WARN 91170 --- [           main] a.c.d.p.p.DefaultTestResultAccumulator   : Not all of the 2 were verified. The following were missing:
2026-03-31T15:42:12.301+07:00  WARN 91170 --- [           main] a.c.d.p.p.DefaultTestResultAccumulator   :     a request for User 2 details
]]></system-out>
    <system-err><![CDATA[WARNING: A Java agent has been loaded dynamically (/Users/kriangkrai.wachirarattanakornkul/.m2/repository/net/bytebuddy/byte-buddy-agent/1.14.12/byte-buddy-agent-1.14.12.jar)
WARNING: If a serviceability tool is in use, please run with -XX:+EnableDynamicAgentLoading to hide this warning
WARNING: If a serviceability tool is not in use, please run with -Djdk.instrument.traceUsage for more information
WARNING: Dynamic loading of agents will be disallowed by default in a future release
]]></system-err>
  </testcase>
  <testcase name="verifyPact(PactVerificationContext)[2]" classname="com.example.userservice.contract.UserServicePactVerificationTest" time="0.062">
    <system-out><![CDATA[2026-03-31T15:42:12.309+07:00  INFO 91170 --- [           main] rificationStateChangeExtension$Companion : Invoking state change method 'User with ID 2 exists':SETUP

Verifying a pact between &amp#27;[1mOrderService (1.0.1) and UserService&amp#27;[22m

  Notices:
    1) The pact at http://localhost:9292/pacts/provider/UserService/consumer/OrderService/pact-version/98ea74360b1cda642e300e5da3f40a6dac9e2ae7 is being verified because the pact content belongs to the consumer version matching the following criterion:
    * latest version of OrderService from the main branch 'main' (1.0.1)

  [from Pact Broker http://localhost:9292/pacts/provider/UserService/consumer/OrderService/pact-version/98ea74360b1cda642e300e5da3f40a6dac9e2ae7/metadata/cyU1QiU1RCU1QmN2JTVEPTEx]
  Given &amp#27;[1mUser with ID 2 exists&amp#27;[22m
  a request for User 2 details
    returns a response which
      has status code &amp#27;[1m200&amp#27;[22m (&amp#27;[32mOK&amp#27;[39m)
      has a matching body (&amp#27;[32mOK&amp#27;[39m)
2026-03-31T15:42:12.368+07:00  INFO 91170 --- [           main] a.c.d.p.p.DefaultVerificationReporter    : Published verification result of 'Ok(interactionIds=[196dbbfe74440663e5c376c5f403c599c1d271ff, 5a44bd2677310f791938cbdadbf770976ee5a641])' for consumer 'Consumer(name=OrderService)'
]]></system-out>
  </testcase>
</testsuite>