<?xml version="1.0" encoding="UTF-8"?>
<testsuite xmlns:xsi="http://www.w3.org/2001/XMLSchema-instance" xsi:noNamespaceSchemaLocation="https://maven.apache.org/surefire/maven-surefire-plugin/xsd/surefire-test-report.xsd" version="3.0.2" name="com.example.tracingpocsdk.TracingPocSdkApplicationTests" time="1.77" tests="1" errors="0" skipped="0" failures="0" flakes="0">
  <properties>
[...]
</properties>
  <testcase name="contextLoads" classname="com.example.tracingpocsdk.TracingPocSdkApplicationTests" time="0.399">
    <system-out><![CDATA[20:56:46.305 [main] INFO org.springframework.test.context.support.AnnotationConfigContextLoaderUtils -- Could not detect default configuration classes for test class [com.example.tracingpocsdk.TracingPocSdkApplicationTests]: TracingPocSdkApplicationTests does not declare any static, non-private, non-final, nested classes annotated with @Configuration.
20:56:46.368 [main] INFO org.springframework.boot.test.context.SpringBootTestContextBootstrapper -- Found @SpringBootConfiguration com.example.tracingpocsdk.TracingPocSdkApplication for test class com.example.tracingpocsdk.TracingPocSdkApplicationTests

  .   ____          _            __ _ _
 /\\ / ___'_ __ _ _(_)_ __  __ _ \ \ \ \
( ( )\___ | '_ | '_| | '_ \/ _` | \ \ \ \
 \\/  ___)| |_)| | | | | || (_| |  ) ) ) )
  '  |____| .__|_| |_|_| |_\__, | / / / /
 =========|_|==============|___/=/_/_/_/

 :: Spring Boot ::               (v3.5.14)

2026-07-09 20:56:46.598  INFO traceId= spanId= [main] c.e.t.TracingPocSdkApplicationTests - Starting TracingPocSdkApplicationTests using Java 25.0.2 with PID 82289 (started by kriangkrai.wachirarattanakornkul in /Users/kriangkrai.wachirarattanakornkul/ais/workspaces/aomdep-track2-playground/tracing-poc/backend-sdk)
2026-07-09 20:56:46.604  INFO traceId= spanId= [main] c.e.t.TracingPocSdkApplicationTests - No active profile set, falling back to 1 default profile: "default"
2026-07-09 20:56:47.353  INFO traceId= spanId= [main] i.o.i.s.a.OpenTelemetryAutoConfiguration - OpenTelemetry Spring Boot starter (2.29.0) has been started
2026-07-09 20:56:47.540  INFO traceId= spanId= [main] c.e.t.TracingPocSdkApplicationTests - Started TracingPocSdkApplicationTests in 1.106 seconds (process running for 1.628)
]]></system-out>
    <system-err><![CDATA[Mockito is currently self-attaching to enable the inline-mock-maker. This will no longer work in future releases of the JDK. Please add Mockito as an agent to your build as described in Mockito's documentation: https://javadoc.io/doc/org.mockito/mockito-core/latest/org.mockito/org/mockito/Mockito.html#0.3
WARNING: A Java agent has been loaded dynamically (/Users/kriangkrai.wachirarattanakornkul/.m2/repository/net/bytebuddy/byte-buddy-agent/1.17.8/byte-buddy-agent-1.17.8.jar)
WARNING: If a serviceability tool is in use, please run with -XX:+EnableDynamicAgentLoading to hide this warning
WARNING: If a serviceability tool is not in use, please run with -Djdk.instrument.traceUsage for more information
WARNING: Dynamic loading of agents will be disallowed by default in a future release
]]></system-err>
  </testcase>
</testsuite>