<?xml version="1.0" encoding="UTF-8"?>
<testsuite xmlns:xsi="http://www.w3.org/2001/XMLSchema-instance" xsi:noNamespaceSchemaLocation="https://maven.apache.org/surefire/maven-surefire-plugin/xsd/surefire-test-report-3.0.xsd" version="3.0" name="com.example.orderservice.contract.UserClientPactTest" time="1.246" tests="2" errors="0" skipped="0" failures="0">
  <properties>
[...]
</properties>
  <testcase name="testGetUserById(MockServer)" classname="com.example.orderservice.contract.UserClientPactTest" time="0.931">
    <system-out><![CDATA[15:34:51.898 [main] ERROR io.netty.resolver.dns.DnsServerAddressStreamProviders -- Unable to load io.netty.resolver.dns.macos.MacOSDnsServerAddressStreamProvider, fallback to system defaults. This may result in incorrect DNS resolutions on MacOS. Check whether you have a dependency on 'io.netty:netty-resolver-dns-native-macos'. Use DEBUG level to see the full stack: java.lang.UnsatisfiedLinkError: failed to load the required native library
15:34:52.060 [Thread-16] WARN au.com.dius.pact.core.support.Metrics -- 
            Please note: we are tracking events anonymously to gather important usage statistics like JVM version
            and operating system. To disable tracking, set the 'pact_do_not_track' system property or environment
            variable to 'true'.
            
]]></system-out>
  </testcase>
  <testcase name="testGetUserById2(MockServer)" classname="com.example.orderservice.contract.UserClientPactTest" time="0.127"/>
</testsuite>